<?xml version='1.0' encoding='UTF-8'?>
<result plugin="junit@1.2-beta-4">
  <suites>
    <suite>
      <file>C:\QC\Jenkins\workspace\test1\prog1prj1\output\TEST-prog1prj1.TestProg1Prj1Test1.xml</file>
      <name>prog1prj1.TestProg1Prj1Test1</name>
      <stdout></stdout>
      <stderr></stderr>
      <duration>0.064</duration>
      <timestamp>2015-05-12T12:23:27</timestamp>
      <cases>
        <case>
          <duration>0.002</duration>
          <className>prog1prj1.TestProg1Prj1Test1</className>
          <testName>testMethod1</testName>
          <skipped>false</skipped>
          <failedSince>0</failedSince>
        </case>
        <case>
          <duration>0.001</duration>
          <className>prog1prj1.TestProg1Prj1Test1</className>
          <testName>testMethod2</testName>
          <skipped>false</skipped>
          <failedSince>0</failedSince>
        </case>
        <case>
          <duration>0.061</duration>
          <className>prog1prj1.TestProg1Prj1Test1</className>
          <testName>testMethod3</testName>
          <skipped>false</skipped>
          <errorStackTrace>junit.framework.AssertionFailedError: Not yet implemented
	at prog1prj1.TestProg1Prj1Test1.testMethod3(Unknown Source)
</errorStackTrace>
          <errorDetails>Not yet implemented</errorDetails>
          <failedSince>0</failedSince>
        </case>
      </cases>
    </suite>
  </suites>
  <duration>0.064</duration>
  <keepLongStdio>false</keepLongStdio>
</result>